ISim log file
Running: C:\NICKI\Studium\Semester 8\VLSI\Project_Group3\VGA-Controller\addressing_FSM\ise_project\testbench_isim_beh.exe -intstyle ise -gui -tclbatch isim.cmd -wdb C:/NICKI/Studium/Semester 8/VLSI/Project_Group3/VGA-Controller/addressing_FSM/ise_project/testbench_isim_beh.wdb 
ISim P.20131013 (signature 0x7708f090)
WARNING: A WEBPACK license was found.
WARNING: Please use Xilinx License Configuration Manager to check out a full ISim license.
WARNING: ISim will run in Lite mode. Please refer to the ISim documentation for more information on the differences between the Lite and the Full version.
This is a Lite version of ISim.
Time resolution is 1 ps
# onerror resume
# wave add /
# run 1000 ns
Simulator is doing circuit initialization process.
at 0 ps, Instance /testbench/vga_unit/ctrl_unit/char_unit/ : Warning: There is an 'U'|'X'|'W'|'Z'|'-' in an arithmetic operand, the result will be 'X'(es).
at 0 ps, Instance /testbench/vga_unit/ctrl_unit/char_unit/ : Warning: CONV_INTEGER: There is an 'U'|'X'|'W'|'Z'|'-' in an arithmetic operand, and it has been converted to 0.
at 0 ps, Instance /testbench/uu2/ : Warning: CONV_INTEGER: There is an 'U'|'X'|'W'|'Z'|'-' in an arithmetic operand, and it has been converted to 0.
at 0 ps, Instance /testbench/uu2/ : Warning: CONV_INTEGER: There is an 'U'|'X'|'W'|'Z'|'-' in an arithmetic operand, and it has been converted to 0.
at 0 ps, Instance /testbench/uu2/ : Warning: CONV_INTEGER: There is an 'U'|'X'|'W'|'Z'|'-' in an arithmetic operand, and it has been converted to 0.
Finished circuit initialization process.
at 0 ps, Instance /testbench/vga_unit/ctrl_unit/char_unit/ : Warning: CONV_INTEGER: There is an 'U'|'X'|'W'|'Z'|'-' in an arithmetic operand, and it has been converted to 0.
# restart
# run 17ms
Simulator is doing circuit initialization process.
at 0 ps, Instance /testbench/vga_unit/ctrl_unit/char_unit/ : Warning: CONV_INTEGER: There is an 'U'|'X'|'W'|'Z'|'-' in an arithmetic operand, and it has been converted to 0.
at 0 ps, Instance /testbench/uu2/ : Warning: CONV_INTEGER: There is an 'U'|'X'|'W'|'Z'|'-' in an arithmetic operand, and it has been converted to 0.
at 0 ps, Instance /testbench/uu2/ : Warning: CONV_INTEGER: There is an 'U'|'X'|'W'|'Z'|'-' in an arithmetic operand, and it has been converted to 0.
at 0 ps, Instance /testbench/uu2/ : Warning: CONV_INTEGER: There is an 'U'|'X'|'W'|'Z'|'-' in an arithmetic operand, and it has been converted to 0.
Finished circuit initialization process.
at 0 ps, Instance /testbench/vga_unit/ctrl_unit/char_unit/ : Warning: CONV_INTEGER: There is an 'U'|'X'|'W'|'Z'|'-' in an arithmetic operand, and it has been converted to 0.
at 287990010 ps: Note: starting surveillance of vsync... (/testbench/uu2/vgaTester_1/).
at 287990010 ps: Note: starting surveillance of hsync... (/testbench/uu2/vgaTester_1/).
at 16640009990 ps: Note: Write Output File... (/testbench/uu2/vgaTester_1/).
at 16640009990 ps: Note: screenDump.bmp (/testbench/uu2/vgaTester_1/).
