ISim log file
Running: C:\Users\feixn\Desktop\VLSI\Project_Group3\VGA-Controller\timing_fsm\ise_project\testbench_isim_beh.exe -intstyle ise -gui -tclbatch isim.cmd -wdb C:/Users/feixn/Desktop/VLSI/Project_Group3/VGA-Controller/timing_fsm/ise_project/testbench_isim_beh.wdb 
ISim P.20131013 (signature 0x7708f090)
----------------------------------------------------------------------
INFO:Security:51 - The XILINXD_LICENSE_FILE environment variable is not set.
INFO:Security:52 - The LM_LICENSE_FILE environment variable is set to '2100@frodo.imtek.uni-freiburg.de'.
WARNING:Security:43 - No license file was found in the standard Xilinx license directory.
WARNING:Security:44 - Since no license file was found,
       please run the Xilinx License Configuration Manager
       (xlcm or "Manage Xilinx Licenses")
       to assist in obtaining a license.
WARNING:Security:42 - Your software subscription period has lapsed. Your current version of Xilinx tools will continue to function, but you no longer qualify for Xilinx software updates or new releases.


----------------------------------------------------------------------
This is a Full version of ISim.
Time resolution is 1 ps
# onerror resume
# wave add /
# run 1000 ns
Simulator is doing circuit initialization process.
at 0 ps, Instance /testbench/uu2/ : Warning: CONV_INTEGER: There is an 'U'|'X'|'W'|'Z'|'-' in an arithmetic operand, and it has been converted to 0.
at 0 ps, Instance /testbench/uu2/ : Warning: CONV_INTEGER: There is an 'U'|'X'|'W'|'Z'|'-' in an arithmetic operand, and it has been converted to 0.
at 0 ps, Instance /testbench/uu2/ : Warning: CONV_INTEGER: There is an 'U'|'X'|'W'|'Z'|'-' in an arithmetic operand, and it has been converted to 0.
Finished circuit initialization process.
# run 17ms
at 287990010 ps: Note: starting surveillance of vsync... (/testbench/uu2/vgaTester_1/).
at 287990010 ps: Note: starting surveillance of hsync... (/testbench/uu2/vgaTester_1/).
at 16640009990 ps: Note: Write Output File... (/testbench/uu2/vgaTester_1/).
at 16640009990 ps: Note: screenDump.bmp (/testbench/uu2/vgaTester_1/).
